


ARM Macro Assembler    Page 1 


    1 00000000         ; Print.s
    2 00000000         ; Student names: Ryan Root and Abhi Sridhar
    3 00000000         ; Last modification date: 3/31/19
    4 00000000         ; Runs on LM4F120 or TM4C123
    5 00000000         ; EE319K lab 7 device driver for any LCD
    6 00000000         ;
    7 00000000         ; As part of Lab 7, students need to implement these LCD
                       _OutDec and LCD_OutFix
    8 00000000         ; This driver assumes two low-level LCD functions
    9 00000000         ; ST7735_OutChar   outputs a single 8-bit ASCII characte
                       r
   10 00000000         ; ST7735_OutString outputs a null-terminated string 
   11 00000000         
   12 00000000                 IMPORT           ST7735_OutChar
   13 00000000                 IMPORT           ST7735_OutString
   14 00000000                 EXPORT           LCD_OutDec
   15 00000000                 EXPORT           LCD_OutFix
   16 00000000         
   17 00000000                 AREA             |.text|, CODE, READONLY, ALIGN=
2
   18 00000000                 THUMB
   19 00000000         
   20 00000000         
   21 00000000         
   22 00000000         ;-----------------------LCD_OutDec----------------------
                       -
   23 00000000         ; Output a 32-bit number in unsigned decimal format
   24 00000000         ; Input: R0 (call by value) 32-bit unsigned number
   25 00000000         ; Output: none
   26 00000000         ; Invariables: This function must not permanently modify
                        registers R4 to R11
   27 00000000         LCD_OutDec
   28 00000000 00000004 
                       length  EQU              4
   29 00000000 B082            SUB              SP, #8
   30 00000002 46EC            MOV              R12, SP
   31 00000004 F8DC 3004       LDR              R3, [R12, #length]
   32 00000008 F04F 0300       MOV              R3, #0
   33 0000000C F8CC 3004       STR              R3, [R12, #length]
   34 00000010         
   35 00000010 4601            MOV              R1, R0
   36 00000012         Loop
   37 00000012 460A            MOV              R2, R1
   38 00000014 F04F 030A       MOV              R3, #10
   39 00000018 FBB1 F1F3       UDIV             R1, R3
   40 0000001C FB01 F103       MUL              R1, R3
   41 00000020 EBA2 0301       SUB              R3, R2, R1  ; R2 (value before 
                                                            division) - R1 (val
                                                            ue after division m
                                                            ultiplied by 10) = 
                                                            R3 (remainder)
   42 00000024 E92D 1008       PUSH             {R3, R12}
   43 00000028 F04F 030A       MOV              R3, #10
   44 0000002C FBB1 F1F3       UDIV             R1, R3
   45 00000030 F8DC 3004       LDR              R3, [R12, #length]
   46 00000034 F103 0301       ADD              R3, #1
   47 00000038 F8CC 3004       STR              R3, [R12, #length]
   48 0000003C 2900            CMP              R1, #0
   49 0000003E D8E8            BHI              Loop



ARM Macro Assembler    Page 2 


   50 00000040         Output
   51 00000040 E8BD 1001       POP              {R0, R12}
   52 00000044 2800            CMP              R0, #0
   53 00000046 D802            BHI              check1
   54 00000048 F04F 0030       MOV              R0, #0x30
   55 0000004C E029            B                done
   56 0000004E         check1
   57 0000004E 2801            CMP              R0, #1
   58 00000050 D802            BHI              check2
   59 00000052 F04F 0031       MOV              R0, #0x31
   60 00000056 E024            B                done
   61 00000058         check2
   62 00000058 2802            CMP              R0, #2
   63 0000005A D802            BHI              check3
   64 0000005C F04F 0032       MOV              R0, #0x32
   65 00000060 E01F            B                done
   66 00000062         check3
   67 00000062 2803            CMP              R0, #3
   68 00000064 D802            BHI              check4
   69 00000066 F04F 0033       MOV              R0, #0x33
   70 0000006A E01A            B                done
   71 0000006C         check4
   72 0000006C 2804            CMP              R0, #4
   73 0000006E D802            BHI              check5
   74 00000070 F04F 0034       MOV              R0, #0x34
   75 00000074 E015            B                done
   76 00000076         check5
   77 00000076 2805            CMP              R0, #5
   78 00000078 D802            BHI              check6
   79 0000007A F04F 0035       MOV              R0, #0x35
   80 0000007E E010            B                done
   81 00000080         check6
   82 00000080 2806            CMP              R0, #6
   83 00000082 D802            BHI              check7
   84 00000084 F04F 0036       MOV              R0, #0x36
   85 00000088 E00B            B                done
   86 0000008A         check7
   87 0000008A 2807            CMP              R0, #7
   88 0000008C D802            BHI              check8
   89 0000008E F04F 0037       MOV              R0, #0x37
   90 00000092 E006            B                done
   91 00000094         check8
   92 00000094 2808            CMP              R0, #8
   93 00000096 D802            BHI              check9
   94 00000098 F04F 0038       MOV              R0, #0x38
   95 0000009C E001            B                done
   96 0000009E         check9
   97 0000009E F04F 0039       MOV              R0, #0x39
   98 000000A2         done
   99 000000A2 E92D 5000       PUSH             {R12, LR}
  100 000000A6 F7FF FFFE       BL               ST7735_OutChar
  101 000000AA E8BD 5000       POP              {R12, LR}
  102 000000AE F8DC 3004       LDR              R3, [R12, #length]
  103 000000B2 F1A3 0301       SUB              R3, #1
  104 000000B6 F8CC 3004       STR              R3, [R12, #length]
  105 000000BA 2B00            CMP              R3, #0
  106 000000BC D8C0            BHI              Output
  107 000000BE B002            ADD              SP, #8
  108 000000C0 4770            BX               LR



ARM Macro Assembler    Page 3 


  109 000000C2         ;* * * * * * * * End of LCD_OutDec * * * * * * * *
  110 000000C2         
  111 000000C2         ; -----------------------LCD _OutFix--------------------
                       --
  112 000000C2         ; Output characters to LCD display in fixed-point format
                       
  113 000000C2         ; unsigned decimal, resolution 0.001, range 0.000 to 9.9
                       99
  114 000000C2         ; Inputs:  R0 is an unsigned 32-bit number
  115 000000C2         ; Outputs: none
  116 000000C2         ; E.g., R0=0,    then output "0.000 "
  117 000000C2         ;       R0=3,    then output "0.003 "
  118 000000C2         ;       R0=89,   then output "0.089 "
  119 000000C2         ;       R0=123,  then output "0.123 "
  120 000000C2         ;       R0=9999, then output "9.999 "
  121 000000C2         ;       R0>9999, then output "*.*** "
  122 000000C2         ; Invariables: This function must not permanently modify
                        registers R4 to R11
  123 000000C2         LCD_OutFix
  124 000000C2 00000004 
                       lengthFix
                               EQU              4           ;Creates local vari
                                                            able lengthFix
  125 000000C2 B082            SUB              SP, #8
  126 000000C4 46EC            MOV              R12, SP
  127 000000C6 F8DC 3004       LDR              R3, [R12, #lengthFix]
  128 000000CA F04F 0300       MOV              R3, #0
  129 000000CE F8CC 3004       STR              R3, [R12, #lengthFix]
  130 000000D2         
  131 000000D2 4601            MOV              R1, R0
  132 000000D4         LoopFix
  133 000000D4 460A            MOV              R2, R1
  134 000000D6 F04F 030A       MOV              R3, #10
  135 000000DA FBB1 F1F3       UDIV             R1, R3
  136 000000DE FB01 F103       MUL              R1, R3
  137 000000E2 EBA2 0301       SUB              R3, R2, R1  ;R2 (value before d
                                                            ivision) - R1 (valu
                                                            e after division mu
                                                            ltiplied by 10) = R
                                                            3 (remainder)
  138 000000E6 E92D 1008       PUSH             {R3, R12}   ;Stores remainder
  139 000000EA F04F 030A       MOV              R3, #10
  140 000000EE FBB1 F1F3       UDIV             R1, R3
  141 000000F2 F8DC 3004       LDR              R3, [R12, #lengthFix]
  142 000000F6 F103 0301       ADD              R3, #1
  143 000000FA F8CC 3004       STR              R3, [R12, #lengthFix]
  144 000000FE 2900            CMP              R1, #0
  145 00000100 D8E8            BHI              LoopFix
  146 00000102         
  147 00000102         ;Checks length of decimal number (Does nothing if length
                       Fix >= 4, Outputs 0. if lengthFix = 3, Outputs 0.0 if le
                       ngthFix = 2, Outputs 0.00 if lengthFix = 1)
  148 00000102 F04F 0101       MOV              R1, #1
  149 00000106 F8DC 3004       LDR              R3, [R12, #lengthFix]
  150 0000010A 2B03            CMP              R3, #3
  151 0000010C D825            BHI              OutputFix
  152 0000010E         
  153 0000010E F04F 0100       MOV              R1, #0
  154 00000112 F04F 0030       MOV              R0, #0x30



ARM Macro Assembler    Page 4 


  155 00000116 B502            PUSH             {R1, LR}
  156 00000118 F7FF FFFE       BL               ST7735_OutChar
  157 0000011C E8BD 4002       POP              {R1, LR}
  158 00000120 F04F 002E       MOV              R0, #0x2E
  159 00000124 B502            PUSH             {R1, LR}
  160 00000126 F7FF FFFE       BL               ST7735_OutChar
  161 0000012A E8BD 4002       POP              {R1, LR}
  162 0000012E         
  163 0000012E F8DC 3004       LDR              R3, [R12, #lengthFix]
  164 00000132 2B02            CMP              R3, #2
  165 00000134 D811            BHI              OutputFix
  166 00000136         
  167 00000136 F04F 0030       MOV              R0, #0x30
  168 0000013A B502            PUSH             {R1, LR}
  169 0000013C F7FF FFFE       BL               ST7735_OutChar
  170 00000140 E8BD 4002       POP              {R1, LR}
  171 00000144         
  172 00000144 F8DC 3004       LDR              R3, [R12, #lengthFix]
  173 00000148 2B01            CMP              R3, #1
  174 0000014A D806            BHI              OutputFix
  175 0000014C         
  176 0000014C F04F 0030       MOV              R0, #0x30
  177 00000150 B502            PUSH             {R1, LR}
  178 00000152 F7FF FFFE       BL               ST7735_OutChar
  179 00000156 E8BD 4002       POP              {R1, LR}
  180 0000015A         
  181 0000015A         OutputFix
  182 0000015A F8DC 3004       LDR              R3, [R12, #lengthFix]
  183 0000015E 2B04            CMP              R3, #4
  184 00000160 D849            BHI              Stars
  185 00000162 E8BD 1001       POP              {R0, R12}
  186 00000166 2800            CMP              R0, #0
  187 00000168 D802            BHI              check1Fix
  188 0000016A F04F 0030       MOV              R0, #0x30
  189 0000016E E029            B                doneFix
  190 00000170         check1Fix
  191 00000170 2801            CMP              R0, #1
  192 00000172 D802            BHI              check2Fix
  193 00000174 F04F 0031       MOV              R0, #0x31
  194 00000178 E024            B                doneFix
  195 0000017A         check2Fix
  196 0000017A 2802            CMP              R0, #2
  197 0000017C D802            BHI              check3Fix
  198 0000017E F04F 0032       MOV              R0, #0x32
  199 00000182 E01F            B                doneFix
  200 00000184         check3Fix
  201 00000184 2803            CMP              R0, #3
  202 00000186 D802            BHI              check4Fix
  203 00000188 F04F 0033       MOV              R0, #0x33
  204 0000018C E01A            B                doneFix
  205 0000018E         check4Fix
  206 0000018E 2804            CMP              R0, #4
  207 00000190 D802            BHI              check5Fix
  208 00000192 F04F 0034       MOV              R0, #0x34
  209 00000196 E015            B                doneFix
  210 00000198         check5Fix
  211 00000198 2805            CMP              R0, #5
  212 0000019A D802            BHI              check6Fix
  213 0000019C F04F 0035       MOV              R0, #0x35



ARM Macro Assembler    Page 5 


  214 000001A0 E010            B                doneFix
  215 000001A2         check6Fix
  216 000001A2 2806            CMP              R0, #6
  217 000001A4 D802            BHI              check7Fix
  218 000001A6 F04F 0036       MOV              R0, #0x36
  219 000001AA E00B            B                doneFix
  220 000001AC         check7Fix
  221 000001AC 2807            CMP              R0, #7
  222 000001AE D802            BHI              check8Fix
  223 000001B0 F04F 0037       MOV              R0, #0x37
  224 000001B4 E006            B                doneFix
  225 000001B6         check8Fix
  226 000001B6 2808            CMP              R0, #8
  227 000001B8 D802            BHI              check9Fix
  228 000001BA F04F 0038       MOV              R0, #0x38
  229 000001BE E001            B                doneFix
  230 000001C0         check9Fix
  231 000001C0 F04F 0039       MOV              R0, #0x39
  232 000001C4         doneFix
  233 000001C4 B502            PUSH             {R1, LR}
  234 000001C6 F7FF FFFE       BL               ST7735_OutChar
  235 000001CA E8BD 4002       POP              {R1, LR}
  236 000001CE 2900            CMP              R1, #0
  237 000001D0 D008            BEQ              afterDone
  238 000001D2 F04F 0100       MOV              R1, #0
  239 000001D6 F04F 002E       MOV              R0, #0x2E
  240 000001DA B502            PUSH             {R1, LR}
  241 000001DC F7FF FFFE       BL               ST7735_OutChar
  242 000001E0 E8BD 4002       POP              {R1, LR}
  243 000001E4         afterDone
  244 000001E4 F8DC 3004       LDR              R3, [R12, #lengthFix]
  245 000001E8 F1A3 0301       SUB              R3, #1
  246 000001EC F8CC 3004       STR              R3, [R12, #lengthFix]
  247 000001F0 2B00            CMP              R3, #0
  248 000001F2 D8B2            BHI              OutputFix
  249 000001F4 E02C            B                Ending
  250 000001F6         Stars                                ;Action performed i
                                                            f length > 4
  251 000001F6 F04F 002A       MOV              R0, #0x2A
  252 000001FA B502            PUSH             {R1, LR}
  253 000001FC F7FF FFFE       BL               ST7735_OutChar
  254 00000200 E8BD 4002       POP              {R1, LR}
  255 00000204 F04F 002E       MOV              R0, #0x2E
  256 00000208 B502            PUSH             {R1, LR}
  257 0000020A F7FF FFFE       BL               ST7735_OutChar
  258 0000020E E8BD 4002       POP              {R1, LR}
  259 00000212 F04F 002A       MOV              R0, #0x2A
  260 00000216 B502            PUSH             {R1, LR}
  261 00000218 F7FF FFFE       BL               ST7735_OutChar
  262 0000021C E8BD 4002       POP              {R1, LR}
  263 00000220 F04F 002A       MOV              R0, #0x2A
  264 00000224 B502            PUSH             {R1, LR}
  265 00000226 F7FF FFFE       BL               ST7735_OutChar
  266 0000022A E8BD 4002       POP              {R1, LR}
  267 0000022E F04F 002A       MOV              R0, #0x2A
  268 00000232 B502            PUSH             {R1, LR}
  269 00000234 F7FF FFFE       BL               ST7735_OutChar
  270 00000238 E8BD 4002       POP              {R1, LR}
  271 0000023C         StarsLoop



ARM Macro Assembler    Page 6 


  272 0000023C E8BD 1001       POP              {R0, R12}
  273 00000240 F8DC 3004       LDR              R3, [R12, #lengthFix]
  274 00000244 F1A3 0301       SUB              R3, #1
  275 00000248 F8CC 3004       STR              R3, [R12, #lengthFix]
  276 0000024C 2B00            CMP              R3, #0
  277 0000024E D8F5            BHI              StarsLoop
  278 00000250         Ending
  279 00000250 B002            ADD              SP, #8
  280 00000252 4770            BX               LR
  281 00000254         
  282 00000254                 ALIGN
  283 00000254         ;* * * * * * * * End of LCD_OutFix * * * * * * * *
  284 00000254         
  285 00000254                 ALIGN                        ; make sure the end
                                                             of this section is
                                                             aligned
  286 00000254                 END                          ; end of file
Command Line: --debug --xref --diag_suppress=9931 --cpu=Cortex-M4 --apcs=interw
ork --depend=.\print.d -o.\print.o -I.\RTE\_Lab7 -IC:\Keil_v5\ARM\PACK\ARM\CMSI
S\5.4.0\CMSIS\Core\Include -IC:\Keil_v5\ARM\PACK\Keil\TM4C_DFP\1.1.0\Device\Inc
lude\TM4C123 --predefine="__EVAL SETA 1" --predefine="__MICROLIB SETA 1" --pred
efine="__UVISION_VERSION SETA 526" --predefine="_RTE_ SETA 1" --predefine="TM4C
123GH6PM SETA 1" --list=.\print.lst Print.s



ARM Macro Assembler    Page 1 Alphabetic symbol ordering
Relocatable symbols

.text 00000000

Symbol: .text
   Definitions
      At line 17 in file Print.s
   Uses
      None
Comment: .text unused
Ending 00000250

Symbol: Ending
   Definitions
      At line 278 in file Print.s
   Uses
      At line 249 in file Print.s
Comment: Ending used once
LCD_OutDec 00000000

Symbol: LCD_OutDec
   Definitions
      At line 27 in file Print.s
   Uses
      At line 14 in file Print.s
Comment: LCD_OutDec used once
LCD_OutFix 000000C2

Symbol: LCD_OutFix
   Definitions
      At line 123 in file Print.s
   Uses
      At line 15 in file Print.s
Comment: LCD_OutFix used once
Loop 00000012

Symbol: Loop
   Definitions
      At line 36 in file Print.s
   Uses
      At line 49 in file Print.s
Comment: Loop used once
LoopFix 000000D4

Symbol: LoopFix
   Definitions
      At line 132 in file Print.s
   Uses
      At line 145 in file Print.s
Comment: LoopFix used once
Output 00000040

Symbol: Output
   Definitions
      At line 50 in file Print.s
   Uses
      At line 106 in file Print.s
Comment: Output used once
OutputFix 0000015A

Symbol: OutputFix



ARM Macro Assembler    Page 2 Alphabetic symbol ordering
Relocatable symbols

   Definitions
      At line 181 in file Print.s
   Uses
      At line 151 in file Print.s
      At line 165 in file Print.s
      At line 174 in file Print.s
      At line 248 in file Print.s

Stars 000001F6

Symbol: Stars
   Definitions
      At line 250 in file Print.s
   Uses
      At line 184 in file Print.s
Comment: Stars used once
StarsLoop 0000023C

Symbol: StarsLoop
   Definitions
      At line 271 in file Print.s
   Uses
      At line 277 in file Print.s
Comment: StarsLoop used once
afterDone 000001E4

Symbol: afterDone
   Definitions
      At line 243 in file Print.s
   Uses
      At line 237 in file Print.s
Comment: afterDone used once
check1 0000004E

Symbol: check1
   Definitions
      At line 56 in file Print.s
   Uses
      At line 53 in file Print.s
Comment: check1 used once
check1Fix 00000170

Symbol: check1Fix
   Definitions
      At line 190 in file Print.s
   Uses
      At line 187 in file Print.s
Comment: check1Fix used once
check2 00000058

Symbol: check2
   Definitions
      At line 61 in file Print.s
   Uses
      At line 58 in file Print.s
Comment: check2 used once
check2Fix 0000017A

Symbol: check2Fix



ARM Macro Assembler    Page 3 Alphabetic symbol ordering
Relocatable symbols

   Definitions
      At line 195 in file Print.s
   Uses
      At line 192 in file Print.s
Comment: check2Fix used once
check3 00000062

Symbol: check3
   Definitions
      At line 66 in file Print.s
   Uses
      At line 63 in file Print.s
Comment: check3 used once
check3Fix 00000184

Symbol: check3Fix
   Definitions
      At line 200 in file Print.s
   Uses
      At line 197 in file Print.s
Comment: check3Fix used once
check4 0000006C

Symbol: check4
   Definitions
      At line 71 in file Print.s
   Uses
      At line 68 in file Print.s
Comment: check4 used once
check4Fix 0000018E

Symbol: check4Fix
   Definitions
      At line 205 in file Print.s
   Uses
      At line 202 in file Print.s
Comment: check4Fix used once
check5 00000076

Symbol: check5
   Definitions
      At line 76 in file Print.s
   Uses
      At line 73 in file Print.s
Comment: check5 used once
check5Fix 00000198

Symbol: check5Fix
   Definitions
      At line 210 in file Print.s
   Uses
      At line 207 in file Print.s
Comment: check5Fix used once
check6 00000080

Symbol: check6
   Definitions
      At line 81 in file Print.s
   Uses



ARM Macro Assembler    Page 4 Alphabetic symbol ordering
Relocatable symbols

      At line 78 in file Print.s
Comment: check6 used once
check6Fix 000001A2

Symbol: check6Fix
   Definitions
      At line 215 in file Print.s
   Uses
      At line 212 in file Print.s
Comment: check6Fix used once
check7 0000008A

Symbol: check7
   Definitions
      At line 86 in file Print.s
   Uses
      At line 83 in file Print.s
Comment: check7 used once
check7Fix 000001AC

Symbol: check7Fix
   Definitions
      At line 220 in file Print.s
   Uses
      At line 217 in file Print.s
Comment: check7Fix used once
check8 00000094

Symbol: check8
   Definitions
      At line 91 in file Print.s
   Uses
      At line 88 in file Print.s
Comment: check8 used once
check8Fix 000001B6

Symbol: check8Fix
   Definitions
      At line 225 in file Print.s
   Uses
      At line 222 in file Print.s
Comment: check8Fix used once
check9 0000009E

Symbol: check9
   Definitions
      At line 96 in file Print.s
   Uses
      At line 93 in file Print.s
Comment: check9 used once
check9Fix 000001C0

Symbol: check9Fix
   Definitions
      At line 230 in file Print.s
   Uses
      At line 227 in file Print.s
Comment: check9Fix used once
done 000000A2



ARM Macro Assembler    Page 5 Alphabetic symbol ordering
Relocatable symbols


Symbol: done
   Definitions
      At line 98 in file Print.s
   Uses
      At line 55 in file Print.s
      At line 60 in file Print.s
      At line 65 in file Print.s
      At line 70 in file Print.s
      At line 75 in file Print.s
      At line 80 in file Print.s
      At line 85 in file Print.s
      At line 90 in file Print.s
      At line 95 in file Print.s

doneFix 000001C4

Symbol: doneFix
   Definitions
      At line 232 in file Print.s
   Uses
      At line 189 in file Print.s
      At line 194 in file Print.s
      At line 199 in file Print.s
      At line 204 in file Print.s
      At line 209 in file Print.s
      At line 214 in file Print.s
      At line 219 in file Print.s
      At line 224 in file Print.s
      At line 229 in file Print.s

31 symbols



ARM Macro Assembler    Page 1 Alphabetic symbol ordering
Absolute symbols

length 00000004

Symbol: length
   Definitions
      At line 28 in file Print.s
   Uses
      At line 31 in file Print.s
      At line 33 in file Print.s
      At line 45 in file Print.s
      At line 47 in file Print.s
      At line 102 in file Print.s
      At line 104 in file Print.s

lengthFix 00000004

Symbol: lengthFix
   Definitions
      At line 124 in file Print.s
   Uses
      At line 127 in file Print.s
      At line 129 in file Print.s
      At line 141 in file Print.s
      At line 143 in file Print.s
      At line 149 in file Print.s
      At line 163 in file Print.s
      At line 172 in file Print.s
      At line 182 in file Print.s
      At line 244 in file Print.s
      At line 246 in file Print.s
      At line 273 in file Print.s
      At line 275 in file Print.s

2 symbols



ARM Macro Assembler    Page 1 Alphabetic symbol ordering
External symbols

ST7735_OutChar 00000000

Symbol: ST7735_OutChar
   Definitions
      At line 12 in file Print.s
   Uses
      At line 100 in file Print.s
      At line 156 in file Print.s
      At line 160 in file Print.s
      At line 169 in file Print.s
      At line 178 in file Print.s
      At line 234 in file Print.s
      At line 241 in file Print.s
      At line 253 in file Print.s
      At line 257 in file Print.s
      At line 261 in file Print.s
      At line 265 in file Print.s
      At line 269 in file Print.s

ST7735_OutString 00000000

Symbol: ST7735_OutString
   Definitions
      At line 13 in file Print.s
   Uses
      None
Comment: ST7735_OutString unused
2 symbols
370 symbols in table
